<?xml version="1.0" encoding="UTF-8"?>
<!-- Generated by org.testng.reporters.JUnitReportReporter -->
<testsuite hostname="DESKTOP-RH03703" failures="0" tests="1" name="sample.demo1" time="0.025" errors="0" timestamp="2023-04-13T13:16:23 GST" skipped="0">
  <testcase classname="sample.demo1" name="demo" time="0.025"/>
  <system-out/>
</testsuite> <!-- sample.demo1 -->
